Could not read data file
Renaming btn -> btn-2
Renaming btn -> btn-3
Renaming btn -> btn-4
Renaming btn -> btn-5
Renaming btn -> btn-6
Renaming grid line -> grid line-2
Renaming btn -> btn-7
Renaming btn 뺠 5 -> btn 뺠-5
Renaming btn 뺠 5 -> btn 뺠-6
Renaming btn 뺠 5 -> btn 뺠-7
Renaming btn 뺠 5 -> btn 뺠-8
Renaming books -> books-2
Renaming tool bar -> tool bar-2
Renaming books -> books-3
Renaming tool bar -> tool bar-3
Renaming tool bar -> tool bar-4
footer: Exporting image
tool bar 뺠: Exporting image
잡쒯 2 뺠: Exporting image
잡쒯 1 뺠: Exporting image
잡쒯 2: Exporting image
잡쒯 1: Exporting image
nav_2: Exporting image
title: Exporting image
hearder: Exporting image
읅M: Exporting image
11 views changed
Success: /var/folders/4h/6gdh49rx07v2ryh2b1v4d80w0000gp/T/5C12F8BE-54F3-4957-8B74-CF415C1AF234-14703-0000432594CC263B/index
